

Microchip MPLAB XC8 Assembler V2.05 build -831301201 
                                                                                               Sun May 26 10:12:38 2019

Microchip MPLAB XC8 C Compiler v2.05 (Free license) build 20181220022703 Og9 
     1                           	processor	18F2550
     2                           	fnconf	rparam,??,?,0
     3                           	opt	pw 120
     4                           	opt	flic
     5                           	psect	idataBIGRAM,global,class=CODE,delta=1,noexec
     6                           	psect	cinit,global,reloc=2,class=CODE,delta=1
     7                           	psect	dataBIGRAM,global,class=BIGRAM,space=1,delta=1,lowdata,noexec
     8                           	psect	cstackCOMRAM,global,class=COMRAM,space=1,delta=1,noexec
     9                           	psect	text0,global,reloc=2,class=CODE,delta=1
    10                           	psect	text1,global,reloc=2,class=CODE,delta=1
    11                           	psect	text2,global,reloc=2,class=CODE,delta=1
    12                           	psect	text3,global,reloc=2,class=CODE,delta=1
    13                           	psect	text4,global,reloc=2,class=CODE,delta=1
    14                           	psect	text5,global,reloc=2,class=CODE,delta=1
    15                           	psect	text6,global,reloc=2,class=CODE,delta=1
    16                           	psect	text7,global,reloc=2,class=CODE,delta=1
    17                           	psect	text8,global,reloc=2,class=CODE,delta=1
    18                           	psect	text9,global,reloc=2,class=CODE,delta=1
    19                           	psect	text10,global,reloc=2,class=CODE,delta=1
    20                           	psect	intsave_regs,global,class=BIGRAM,space=1,delta=1,noexec
    21                           	psect	rparam,global,class=COMRAM,space=1,delta=1,noexec
    22  0000                     
    23                           ; Version 2.05
    24                           ; Generated 20/12/2018 GMT
    25                           ; 
    26                           ; Copyright © 2018, Microchip Technology Inc. and its subsidiaries ("Microchip")
    27                           ; All rights reserved.
    28                           ; 
    29                           ; This software is developed by Microchip Technology Inc. and its subsidiaries ("Microch
      +                          ip").
    30                           ; 
    31                           ; Redistribution and use in source and binary forms, with or without modification, are
    32                           ; permitted provided that the following conditions are met:
    33                           ; 
    34                           ;     1. Redistributions of source code must retain the above copyright notice, this lis
      +                          t of
    35                           ;        conditions and the following disclaimer.
    36                           ; 
    37                           ;     2. Redistributions in binary form must reproduce the above copyright notice, this 
      +                          list
    38                           ;        of conditions and the following disclaimer in the documentation and/or other
    39                           ;        materials provided with the distribution.
    40                           ; 
    41                           ;     3. Microchip's name may not be used to endorse or promote products derived from th
      +                          is
    42                           ;        software without specific prior written permission.
    43                           ; 
    44                           ; THIS SOFTWARE IS PROVIDED BY MICROCHIP "AS IS" AND ANY EXPRESS OR IMPLIED WARRANTIES,
    45                           ; INCLUDING, BUT NOT LIMITED TO, THE IMPLIED WARRANTIES OF MERCHANTABILITY AND FITNESS F
      +                          OR
    46                           ; PURPOSE ARE DISCLAIMED.  IN NO EVENT SHALL MICROCHIP BE LIABLE FOR ANY DIRECT, INDIREC
      +                          T,
    47                           ; INCIDENTAL, SPECIAL, EXEMPLARY, OR CONSEQUENTIAL DAMAGES (INCLUDING BUT NOT LIMITED TO
    48                           ; PROCUREMENT OF SUBSTITUTE GOODS OR SERVICES; LOSS OF USE, DATA OR PROFITS; OR BUSINESS
    49                           ; INTERRUPTION) HOWSOEVER CAUSED AND ON ANY THEORY OF LIABILITY, WHETHER IN CONTRACT, ST
      +                          RICT
    50                           ; LIABILITY, OR TORT (INCLUDING NEGLIGENCE OR OTHERWISE) ARISING IN ANY WAY OUT OF THE U
      +                          SE OF
    51                           ; THIS SOFTWARE, EVEN IF ADVISED OF THE POSSIBILITY OF SUCH DAMAGE.
    52                           ; 
    53                           ; 
    54                           ; Code-generator required, PIC18F2550 Definitions
    55                           ; 
    56                           ; SFR Addresses
    57  0000                     
    58                           	psect	idataBIGRAM
    59  007E08                     __pidataBIGRAM:
    60                           	opt callstack 0
    61                           
    62                           ;initializer for _pcd8544_buffer
    63  007E08  00                 	db	0
    64  007E09  00                 	db	0
    65  007E0A  00                 	db	0
    66  007E0B  00                 	db	0
    67  007E0C  00                 	db	0
    68  007E0D  00                 	db	0
    69  007E0E  00                 	db	0
    70  007E0F  00                 	db	0
    71  007E10  00                 	db	0
    72  007E11  00                 	db	0
    73  007E12  00                 	db	0
    74  007E13  00                 	db	0
    75  007E14  00                 	db	0
    76  007E15  00                 	db	0
    77  007E16  00                 	db	0
    78  007E17  00                 	db	0
    79  007E18  00                 	db	0
    80  007E19  00                 	db	0
    81  007E1A  00                 	db	0
    82  007E1B  00                 	db	0
    83  007E1C  00                 	db	0
    84  007E1D  00                 	db	0
    85  007E1E  00                 	db	0
    86  007E1F  00                 	db	0
    87  007E20  00                 	db	0
    88  007E21  00                 	db	0
    89  007E22  00                 	db	0
    90  007E23  00                 	db	0
    91  007E24  00                 	db	0
    92  007E25  00                 	db	0
    93  007E26  00                 	db	0
    94  007E27  00                 	db	0
    95  007E28  00                 	db	0
    96  007E29  00                 	db	0
    97  007E2A  00                 	db	0
    98  007E2B  00                 	db	0
    99  007E2C  00                 	db	0
   100  007E2D  00                 	db	0
   101  007E2E  C0                 	db	192
   102  007E2F  E0                 	db	224
   103  007E30  F0                 	db	240
   104  007E31  F8                 	db	248
   105  007E32  FC                 	db	252
   106  007E33  FC                 	db	252
   107  007E34  FE                 	db	254
   108  007E35  FF                 	db	255
   109  007E36  FC                 	db	252
   110  007E37  E0                 	db	224
   111  007E38  00                 	db	0
   112  007E39  00                 	db	0
   113  007E3A  00                 	db	0
   114  007E3B  00                 	db	0
   115  007E3C  00                 	db	0
   116  007E3D  00                 	db	0
   117  007E3E  00                 	db	0
   118  007E3F  00                 	db	0
   119  007E40  00                 	db	0
   120  007E41  00                 	db	0
   121  007E42  00                 	db	0
   122  007E43  00                 	db	0
   123  007E44  00                 	db	0
   124  007E45  00                 	db	0
   125  007E46  00                 	db	0
   126  007E47  00                 	db	0
   127  007E48  00                 	db	0
   128  007E49  00                 	db	0
   129  007E4A  00                 	db	0
   130  007E4B  00                 	db	0
   131  007E4C  00                 	db	0
   132  007E4D  00                 	db	0
   133  007E4E  00                 	db	0
   134  007E4F  00                 	db	0
   135  007E50  00                 	db	0
   136  007E51  00                 	db	0
   137  007E52  00                 	db	0
   138  007E53  00                 	db	0
   139  007E54  00                 	db	0
   140  007E55  00                 	db	0
   141  007E56  00                 	db	0
   142  007E57  00                 	db	0
   143  007E58  00                 	db	0
   144  007E59  00                 	db	0
   145  007E5A  00                 	db	0
   146  007E5B  00                 	db	0
   147  007E5C  00                 	db	0
   148  007E5D  00                 	db	0
   149  007E5E  00                 	db	0
   150  007E5F  00                 	db	0
   151  007E60  00                 	db	0
   152  007E61  00                 	db	0
   153  007E62  00                 	db	0
   154  007E63  00                 	db	0
   155  007E64  00                 	db	0
   156  007E65  00                 	db	0
   157  007E66  00                 	db	0
   158  007E67  00                 	db	0
   159  007E68  00                 	db	0
   160  007E69  00                 	db	0
   161  007E6A  00                 	db	0
   162  007E6B  00                 	db	0
   163  007E6C  00                 	db	0
   164  007E6D  F8                 	db	248
   165  007E6E  F8                 	db	248
   166  007E6F  F8                 	db	248
   167  007E70  F8                 	db	248
   168  007E71  F8                 	db	248
   169  007E72  F8                 	db	248
   170  007E73  F8                 	db	248
   171  007E74  F8                 	db	248
   172  007E75  F8                 	db	248
   173  007E76  F8                 	db	248
   174  007E77  F8                 	db	248
   175  007E78  F8                 	db	248
   176  007E79  F0                 	db	240
   177  007E7A  F0                 	db	240
   178  007E7B  E0                 	db	224
   179  007E7C  E0                 	db	224
   180  007E7D  C0                 	db	192
   181  007E7E  80                 	db	128
   182  007E7F  C0                 	db	192
   183  007E80  FC                 	db	252
   184  007E81  FF                 	db	255
   185  007E82  FF                 	db	255
   186  007E83  FF                 	db	255
   187  007E84  FF                 	db	255
   188  007E85  7F                 	db	127
   189  007E86  3F                 	db	63
   190  007E87  7F                 	db	127
   191  007E88  FF                 	db	255
   192  007E89  FF                 	db	255
   193  007E8A  FF                 	db	255
   194  007E8B  FF                 	db	255
   195  007E8C  FF                 	db	255
   196  007E8D  00                 	db	0
   197  007E8E  00                 	db	0
   198  007E8F  00                 	db	0
   199  007E90  00                 	db	0
   200  007E91  00                 	db	0
   201  007E92  00                 	db	0
   202  007E93  00                 	db	0
   203  007E94  00                 	db	0
   204  007E95  00                 	db	0
   205  007E96  00                 	db	0
   206  007E97  00                 	db	0
   207  007E98  00                 	db	0
   208  007E99  00                 	db	0
   209  007E9A  00                 	db	0
   210  007E9B  00                 	db	0
   211  007E9C  00                 	db	0
   212  007E9D  00                 	db	0
   213  007E9E  00                 	db	0
   214  007E9F  00                 	db	0
   215  007EA0  00                 	db	0
   216  007EA1  00                 	db	0
   217  007EA2  00                 	db	0
   218  007EA3  00                 	db	0
   219  007EA4  00                 	db	0
   220  007EA5  00                 	db	0
   221  007EA6  00                 	db	0
   222  007EA7  00                 	db	0
   223  007EA8  00                 	db	0
   224  007EA9  00                 	db	0
   225  007EAA  00                 	db	0
   226  007EAB  00                 	db	0
   227  007EAC  00                 	db	0
   228  007EAD  00                 	db	0
   229  007EAE  00                 	db	0
   230  007EAF  00                 	db	0
   231  007EB0  00                 	db	0
   232  007EB1  00                 	db	0
   233  007EB2  00                 	db	0
   234  007EB3  00                 	db	0
   235  007EB4  00                 	db	0
   236  007EB5  00                 	db	0
   237  007EB6  00                 	db	0
   238  007EB7  00                 	db	0
   239  007EB8  00                 	db	0
   240  007EB9  00                 	db	0
   241  007EBA  00                 	db	0
   242  007EBB  00                 	db	0
   243  007EBC  00                 	db	0
   244  007EBD  00                 	db	0
   245  007EBE  00                 	db	0
   246  007EBF  00                 	db	0
   247  007EC0  00                 	db	0
   248  007EC1  00                 	db	0
   249  007EC2  0F                 	db	15
   250  007EC3  1F                 	db	31
   251  007EC4  3F                 	db	63
   252  007EC5  7F                 	db	127
   253  007EC6  FF                 	db	255
   254  007EC7  FF                 	db	255
   255  007EC8  FF                 	db	255
   256  007EC9  FF                 	db	255
   257  007ECA  FF                 	db	255
   258  007ECB  FF                 	db	255
   259  007ECC  FF                 	db	255
   260  007ECD  FF                 	db	255
   261  007ECE  E7                 	db	231
   262  007ECF  C7                 	db	199
   263  007ED0  C7                 	db	199
   264  007ED1  87                 	db	135
   265  007ED2  8F                 	db	143
   266  007ED3  9F                 	db	159
   267  007ED4  9F                 	db	159
   268  007ED5  FF                 	db	255
   269  007ED6  FF                 	db	255
   270  007ED7  FF                 	db	255
   271  007ED8  C1                 	db	193
   272  007ED9  C0                 	db	192
   273  007EDA  E0                 	db	224
   274  007EDB  FC                 	db	252
   275  007EDC  FF                 	db	255
   276  007EDD  FF                 	db	255
   277  007EDE  FF                 	db	255
   278  007EDF  FF                 	db	255
   279  007EE0  FF                 	db	255
   280  007EE1  FC                 	db	252
   281  007EE2  FC                 	db	252
   282  007EE3  FC                 	db	252
   283  007EE4  FC                 	db	252
   284  007EE5  FE                 	db	254
   285  007EE6  FE                 	db	254
   286  007EE7  FE                 	db	254
   287  007EE8  FC                 	db	252
   288  007EE9  FC                 	db	252
   289  007EEA  F8                 	db	248
   290  007EEB  F8                 	db	248
   291  007EEC  F0                 	db	240
   292  007EED  E0                 	db	224
   293  007EEE  C0                 	db	192
   294  007EEF  C0                 	db	192
   295  007EF0  00                 	db	0
   296  007EF1  00                 	db	0
   297  007EF2  00                 	db	0
   298  007EF3  00                 	db	0
   299  007EF4  00                 	db	0
   300  007EF5  00                 	db	0
   301  007EF6  00                 	db	0
   302  007EF7  00                 	db	0
   303  007EF8  00                 	db	0
   304  007EF9  00                 	db	0
   305  007EFA  00                 	db	0
   306  007EFB  00                 	db	0
   307  007EFC  00                 	db	0
   308  007EFD  00                 	db	0
   309  007EFE  00                 	db	0
   310  007EFF  00                 	db	0
   311  007F00  00                 	db	0
   312  007F01  00                 	db	0
   313  007F02  00                 	db	0
   314  007F03  00                 	db	0
   315  007F04  00                 	db	0
   316  007F05  00                 	db	0
   317  007F06  00                 	db	0
   318  007F07  00                 	db	0
   319  007F08  00                 	db	0
   320  007F09  00                 	db	0
   321  007F0A  00                 	db	0
   322  007F0B  00                 	db	0
   323  007F0C  00                 	db	0
   324  007F0D  00                 	db	0
   325  007F0E  00                 	db	0
   326  007F0F  00                 	db	0
   327  007F10  00                 	db	0
   328  007F11  00                 	db	0
   329  007F12  00                 	db	0
   330  007F13  00                 	db	0
   331  007F14  00                 	db	0
   332  007F15  00                 	db	0
   333  007F16  00                 	db	0
   334  007F17  00                 	db	0
   335  007F18  00                 	db	0
   336  007F19  80                 	db	128
   337  007F1A  C0                 	db	192
   338  007F1B  E0                 	db	224
   339  007F1C  F1                 	db	241
   340  007F1D  FB                 	db	251
   341  007F1E  FF                 	db	255
   342  007F1F  FF                 	db	255
   343  007F20  FF                 	db	255
   344  007F21  FF                 	db	255
   345  007F22  FF                 	db	255
   346  007F23  7F                 	db	127
   347  007F24  1F                 	db	31
   348  007F25  0F                 	db	15
   349  007F26  0F                 	db	15
   350  007F27  87                 	db	135
   351  007F28  E7                 	db	231
   352  007F29  FF                 	db	255
   353  007F2A  FF                 	db	255
   354  007F2B  FF                 	db	255
   355  007F2C  1F                 	db	31
   356  007F2D  1F                 	db	31
   357  007F2E  3F                 	db	63
   358  007F2F  F9                 	db	249
   359  007F30  F8                 	db	248
   360  007F31  F8                 	db	248
   361  007F32  F8                 	db	248
   362  007F33  F8                 	db	248
   363  007F34  F8                 	db	248
   364  007F35  F8                 	db	248
   365  007F36  FD                 	db	253
   366  007F37  FF                 	db	255
   367  007F38  FF                 	db	255
   368  007F39  FF                 	db	255
   369  007F3A  FF                 	db	255
   370  007F3B  FF                 	db	255
   371  007F3C  FF                 	db	255
   372  007F3D  FF                 	db	255
   373  007F3E  FF                 	db	255
   374  007F3F  FF                 	db	255
   375  007F40  7F                 	db	127
   376  007F41  3F                 	db	63
   377  007F42  0F                 	db	15
   378  007F43  07                 	db	7
   379  007F44  01                 	db	1
   380  007F45  00                 	db	0
   381  007F46  00                 	db	0
   382  007F47  00                 	db	0
   383  007F48  00                 	db	0
   384  007F49  00                 	db	0
   385  007F4A  00                 	db	0
   386  007F4B  00                 	db	0
   387  007F4C  00                 	db	0
   388  007F4D  00                 	db	0
   389  007F4E  00                 	db	0
   390  007F4F  00                 	db	0
   391  007F50  00                 	db	0
   392  007F51  00                 	db	0
   393  007F52  00                 	db	0
   394  007F53  00                 	db	0
   395  007F54  00                 	db	0
   396  007F55  00                 	db	0
   397  007F56  00                 	db	0
   398  007F57  00                 	db	0
   399  007F58  00                 	db	0
   400  007F59  00                 	db	0
   401  007F5A  00                 	db	0
   402  007F5B  00                 	db	0
   403  007F5C  00                 	db	0
   404  007F5D  00                 	db	0
   405  007F5E  00                 	db	0
   406  007F5F  00                 	db	0
   407  007F60  00                 	db	0
   408  007F61  00                 	db	0
   409  007F62  00                 	db	0
   410  007F63  00                 	db	0
   411  007F64  00                 	db	0
   412  007F65  00                 	db	0
   413  007F66  00                 	db	0
   414  007F67  00                 	db	0
   415  007F68  00                 	db	0
   416  007F69  00                 	db	0
   417  007F6A  00                 	db	0
   418  007F6B  F0                 	db	240
   419  007F6C  FE                 	db	254
   420  007F6D  FF                 	db	255
   421  007F6E  FF                 	db	255
   422  007F6F  FF                 	db	255
   423  007F70  FF                 	db	255
   424  007F71  FF                 	db	255
   425  007F72  FF                 	db	255
   426  007F73  FF                 	db	255
   427  007F74  FF                 	db	255
   428  007F75  FF                 	db	255
   429  007F76  FF                 	db	255
   430  007F77  FE                 	db	254
   431  007F78  7E                 	db	126
   432  007F79  3F                 	db	63
   433  007F7A  3F                 	db	63
   434  007F7B  0F                 	db	15
   435  007F7C  1F                 	db	31
   436  007F7D  FF                 	db	255
   437  007F7E  FF                 	db	255
   438  007F7F  FF                 	db	255
   439  007F80  FC                 	db	252
   440  007F81  F0                 	db	240
   441  007F82  E0                 	db	224
   442  007F83  F1                 	db	241
   443  007F84  FF                 	db	255
   444  007F85  FF                 	db	255
   445  007F86  FF                 	db	255
   446  007F87  FF                 	db	255
   447  007F88  FF                 	db	255
   448  007F89  FC                 	db	252
   449  007F8A  F0                 	db	240
   450  007F8B  01                 	db	1
   451  007F8C  01                 	db	1
   452  007F8D  01                 	db	1
   453  007F8E  01                 	db	1
   454  007F8F  01                 	db	1
   455  007F90  01                 	db	1
   456  007F91  01                 	db	1
   457  007F92  01                 	db	1
   458  007F93  00                 	db	0
   459  007F94  00                 	db	0
   460  007F95  00                 	db	0
   461  007F96  00                 	db	0
   462  007F97  00                 	db	0
   463  007F98  00                 	db	0
   464  007F99  00                 	db	0
   465  007F9A  00                 	db	0
   466  007F9B  00                 	db	0
   467  007F9C  00                 	db	0
   468  007F9D  00                 	db	0
   469  007F9E  00                 	db	0
   470  007F9F  00                 	db	0
   471  007FA0  00                 	db	0
   472  007FA1  00                 	db	0
   473  007FA2  00                 	db	0
   474  007FA3  00                 	db	0
   475  007FA4  00                 	db	0
   476  007FA5  00                 	db	0
   477  007FA6  00                 	db	0
   478  007FA7  00                 	db	0
   479  007FA8  00                 	db	0
   480  007FA9  00                 	db	0
   481  007FAA  00                 	db	0
   482  007FAB  00                 	db	0
   483  007FAC  00                 	db	0
   484  007FAD  00                 	db	0
   485  007FAE  00                 	db	0
   486  007FAF  00                 	db	0
   487  007FB0  00                 	db	0
   488  007FB1  00                 	db	0
   489  007FB2  00                 	db	0
   490  007FB3  00                 	db	0
   491  007FB4  00                 	db	0
   492  007FB5  00                 	db	0
   493  007FB6  00                 	db	0
   494  007FB7  00                 	db	0
   495  007FB8  00                 	db	0
   496  007FB9  00                 	db	0
   497  007FBA  00                 	db	0
   498  007FBB  00                 	db	0
   499  007FBC  00                 	db	0
   500  007FBD  00                 	db	0
   501  007FBE  00                 	db	0
   502  007FBF  03                 	db	3
   503  007FC0  03                 	db	3
   504  007FC1  03                 	db	3
   505  007FC2  03                 	db	3
   506  007FC3  03                 	db	3
   507  007FC4  03                 	db	3
   508  007FC5  03                 	db	3
   509  007FC6  03                 	db	3
   510  007FC7  01                 	db	1
   511  007FC8  01                 	db	1
   512  007FC9  01                 	db	1
   513  007FCA  01                 	db	1
   514  007FCB  00                 	db	0
   515  007FCC  00                 	db	0
   516  007FCD  00                 	db	0
   517  007FCE  00                 	db	0
   518  007FCF  00                 	db	0
   519  007FD0  00                 	db	0
   520  007FD1  00                 	db	0
   521  007FD2  03                 	db	3
   522  007FD3  0F                 	db	15
   523  007FD4  1F                 	db	31
   524  007FD5  3F                 	db	63
   525  007FD6  7F                 	db	127
   526  007FD7  7F                 	db	127
   527  007FD8  FF                 	db	255
   528  007FD9  FF                 	db	255
   529  007FDA  FF                 	db	255
   530  007FDB  FF                 	db	255
   531  007FDC  7F                 	db	127
   532  007FDD  7F                 	db	127
   533  007FDE  1F                 	db	31
   534  007FDF  03                 	db	3
   535  007FE0  00                 	db	0
   536  007FE1  00                 	db	0
   537  007FE2  00                 	db	0
   538  007FE3  00                 	db	0
   539  007FE4  00                 	db	0
   540  007FE5  00                 	db	0
   541  007FE6  00                 	db	0
   542  007FE7  00                 	db	0
   543  007FE8  00                 	db	0
   544  007FE9  00                 	db	0
   545  007FEA  00                 	db	0
   546  007FEB  00                 	db	0
   547  007FEC  00                 	db	0
   548  007FED  00                 	db	0
   549  007FEE  00                 	db	0
   550  007FEF  00                 	db	0
   551  007FF0  00                 	db	0
   552  007FF1  00                 	db	0
   553  007FF2  00                 	db	0
   554  007FF3  00                 	db	0
   555  007FF4  00                 	db	0
   556  007FF5  00                 	db	0
   557  007FF6  00                 	db	0
   558  007FF7  00                 	db	0
   559  007FF8  00                 	db	0
   560  007FF9  00                 	db	0
   561  007FFA  00                 	db	0
   562  007FFB  00                 	db	0
   563  007FFC  00                 	db	0
   564  007FFD  00                 	db	0
   565  007FFE  00                 	db	0
   566  007FFF  00                 	db	0
   567  0000                     _PIR1bits	set	3998
   568  0000                     _SSPBUF	set	4041
   569  0000                     _TRISBbits	set	3987
   570  0000                     _TRISAbits	set	3986
   571  0000                     _SSPCON1bits	set	4038
   572  0000                     _SSPSTATbits	set	4039
   573  0000                     _SSPSTAT	set	4039
   574  0000                     _SSPCON1	set	4038
   575  0000                     _TRISCbits	set	3988
   576  0000                     _UCONbits	set	3949
   577  0000                     _ADCON1	set	4033
   578  0000                     _ADCON0bits	set	4034
   579  0000                     _LATCbits	set	3979
   580                           
   581                           ; #config settings
   582  0000                     
   583                           	psect	cinit
   584  007C3E                     __pcinit:
   585                           	opt callstack 0
   586  007C3E                     start_initialization:
   587                           	opt callstack 0
   588  007C3E                     __initialization:
   589                           	opt callstack 0
   590                           
   591                           ; Initialize objects allocated to BIGRAM (504 bytes)
   592                           ; load TBLPTR registers with __pidataBIGRAM
   593  007C3E  0E08               	movlw	low __pidataBIGRAM
   594  007C40  6EF6               	movwf	tblptrl,c
   595  007C42  0E7E               	movlw	high __pidataBIGRAM
   596  007C44  6EF7               	movwf	tblptrh,c
   597  007C46  0E00               	movlw	low (__pidataBIGRAM shr (0+16))
   598  007C48  6EF8               	movwf	tblptru,c
   599  007C4A  EE06  F008         	lfsr	0,__pdataBIGRAM
   600  007C4E  EE11 F0F8          	lfsr	1,504
   601  007C52                     copy_data0:
   602  007C52  0009               	tblrd		*+
   603  007C54  CFF5 FFEE          	movff	tablat,postinc0
   604  007C58  50E5               	movf	postdec1,w,c
   605  007C5A  50E1               	movf	fsr1l,w,c
   606  007C5C  E1FA               	bnz	copy_data0
   607  007C5E  50E2               	movf	fsr1h,w,c
   608  007C60  E1F8               	bnz	copy_data0
   609  007C62                     end_of_initialization:
   610                           	opt callstack 0
   611  007C62                     __end_of__initialization:
   612                           	opt callstack 0
   613  007C62  0E00               	movlw	low (__Lmediumconst shr (0+16))
   614  007C64  6EF8               	movwf	tblptru,c
   615  007C66  0100               	movlb	0
   616  007C68  EFA2  F03E         	goto	_main	;jump to C main() function
   617                           
   618                           	psect	dataBIGRAM
   619  000608                     __pdataBIGRAM:
   620                           	opt callstack 0
   621  000608                     _pcd8544_buffer:
   622                           	opt callstack 0
   623  000608                     	ds	504
   624                           
   625                           	psect	cstackCOMRAM
   626  000001                     __pcstackCOMRAM:
   627                           	opt callstack 0
   628  000001                     ??_pcd8544_reset:
   629  000001                     OpenSPI@bus_mode:
   630                           	opt callstack 0
   631                           
   632                           ; 1 bytes @ 0x0
   633  000001                     	ds	1
   634  000002                     OpenSPI@smp_phase:
   635                           	opt callstack 0
   636  000002                     WriteSPI@data_out:
   637                           	opt callstack 0
   638                           
   639                           ; 1 bytes @ 0x1
   640  000002                     	ds	1
   641  000003                     pcd8544_command@cmd:
   642                           	opt callstack 0
   643  000003                     OpenSPI@sync_mode:
   644                           	opt callstack 0
   645                           
   646                           ; 1 bytes @ 0x2
   647  000003                     	ds	1
   648  000004                     ??_pcd8544_flash:
   649  000004                     pcd8544_setxy@y:
   650                           	opt callstack 0
   651                           
   652                           ; 1 bytes @ 0x3
   653  000004                     	ds	1
   654  000005                     pcd8544_setxy@x:
   655                           	opt callstack 0
   656                           
   657                           ; 1 bytes @ 0x4
   658  000005                     	ds	1
   659  000006                     pcd8544_putpixel@y:
   660                           	opt callstack 0
   661                           
   662                           ; 1 bytes @ 0x5
   663  000006                     	ds	1
   664  000007                     pcd8544_putpixel@color:
   665                           	opt callstack 0
   666                           
   667                           ; 1 bytes @ 0x6
   668  000007                     	ds	1
   669  000008                     pcd8544_putpixel@x:
   670                           	opt callstack 0
   671                           
   672                           ; 1 bytes @ 0x7
   673  000008                     	ds	1
   674  000009                     ??_main:
   675                           
   676                           ; 1 bytes @ 0x8
   677  000009                     	ds	2
   678  00000B                     main@i:
   679                           	opt callstack 0
   680                           
   681                           ; 1 bytes @ 0xA
   682  00000B                     	ds	1
   683  00000C                     main@i_284:
   684                           	opt callstack 0
   685                           
   686                           ; 1 bytes @ 0xB
   687  00000C                     	ds	1
   688                           
   689 ;;
   690 ;;Main: autosize = 0, tempsize = 2, incstack = 0, save=0
   691 ;;
   692 ;; *************** function _main *****************
   693 ;; Defined at:
   694 ;;		line 44 in file "main.c"
   695 ;; Parameters:    Size  Location     Type
   696 ;;		None
   697 ;; Auto vars:     Size  Location     Type
   698 ;;  i               1   11[COMRAM] unsigned char 
   699 ;;  i               1   10[COMRAM] unsigned char 
   700 ;; Return value:  Size  Location     Type
   701 ;;                  1    wreg      void 
   702 ;; Registers used:
   703 ;;		wreg, status,2, status,0, cstack
   704 ;; Tracked objects:
   705 ;;		On entry : 0/0
   706 ;;		On exit  : 0/0
   707 ;;		Unchanged: 0/0
   708 ;; Data sizes:     COMRAM   BANK0   BANK1   BANK2   BANK3   BANK4   BANK5   BANK6   BANK7
   709 ;;      Params:         0       0       0       0       0       0       0       0       0
   710 ;;      Locals:         2       0       0       0       0       0       0       0       0
   711 ;;      Temps:          2       0       0       0       0       0       0       0       0
   712 ;;      Totals:         4       0       0       0       0       0       0       0       0
   713 ;;Total ram usage:        4 bytes
   714 ;; Hardware stack levels required when called:    4
   715 ;; This function calls:
   716 ;;		_OpenSPI
   717 ;;		_pcd8544_flash
   718 ;;		_pcd8544_init
   719 ;;		_pcd8544_putpixel
   720 ;;		_pcd8544_set_contrast
   721 ;;		_pic_init
   722 ;; This function is called by:
   723 ;;		Startup code after reset
   724 ;; This function uses a non-reentrant model
   725 ;;
   726                           
   727                           	psect	text0
   728  007D44                     __ptext0:
   729                           	opt callstack 0
   730  007D44                     _main:
   731                           	opt callstack 27
   732                           
   733                           ;main.c: 45: pic_init();
   734                           
   735                           ;incstack = 0
   736  007D44  ECF2  F03D         	call	_pic_init	;wreg free
   737                           
   738                           ;main.c: 47: OpenSPI(0b00000000, 0b00000000, 0b10000000);
   739  007D48  0E00               	movlw	0
   740  007D4A  6E01               	movwf	OpenSPI@bus_mode,c
   741  007D4C  0E80               	movlw	128
   742  007D4E  6E02               	movwf	OpenSPI@smp_phase,c
   743  007D50  0E00               	movlw	0
   744  007D52  EC77  F03E         	call	_OpenSPI
   745                           
   746                           ;main.c: 49: pcd8544_init();
   747  007D56  EC0A  F03E         	call	_pcd8544_init	;wreg free
   748                           
   749                           ;main.c: 51: pcd8544_set_contrast(0x7F);
   750  007D5A  0E7F               	movlw	127
   751  007D5C  ECDD  F03D         	call	_pcd8544_set_contrast
   752                           
   753                           ;main.c: 53: pcd8544_flash();
   754  007D60  EC56  F03E         	call	_pcd8544_flash	;wreg free
   755  007D64                     l1074:
   756                           
   757                           ;main.c: 64: for(uint8_t i = 0; i < 84 ;i++){
   758  007D64  0E00               	movlw	0
   759  007D66  6E0B               	movwf	main@i,c
   760  007D68                     l1080:
   761                           
   762                           ;main.c: 65: pcd8544_putpixel(i, 0, 0xff);
   763  007D68  0E00               	movlw	0
   764  007D6A  6E06               	movwf	pcd8544_putpixel@y,c
   765  007D6C  0EFF               	movlw	255
   766  007D6E  6E07               	movwf	pcd8544_putpixel@color,c
   767  007D70  500B               	movf	main@i,w,c
   768  007D72  ECFD  F03D         	call	_pcd8544_putpixel
   769                           
   770                           ;main.c: 66: pcd8544_putpixel(i, 1, 0xff);
   771  007D76  0E01               	movlw	1
   772  007D78  6E06               	movwf	pcd8544_putpixel@y,c
   773  007D7A  0EFF               	movlw	255
   774  007D7C  6E07               	movwf	pcd8544_putpixel@color,c
   775  007D7E  500B               	movf	main@i,w,c
   776  007D80  ECFD  F03D         	call	_pcd8544_putpixel
   777                           
   778                           ;main.c: 67: pcd8544_putpixel(i, 2, 0xff);
   779  007D84  0E02               	movlw	2
   780  007D86  6E06               	movwf	pcd8544_putpixel@y,c
   781  007D88  0EFF               	movlw	255
   782  007D8A  6E07               	movwf	pcd8544_putpixel@color,c
   783  007D8C  500B               	movf	main@i,w,c
   784  007D8E  ECFD  F03D         	call	_pcd8544_putpixel
   785                           
   786                           ;main.c: 68: _delay((unsigned long)((25)*(20000000/4000.0)));
   787  007D92  0EA3               	movlw	163
   788  007D94  6E09               	movwf	??_main& (0+255),c
   789  007D96  0E55               	movlw	85
   790  007D98                     u77:
   791  007D98  2EE8               	decfsz	wreg,f,c
   792  007D9A  D7FE               	bra	u77
   793  007D9C  2E09               	decfsz	??_main& (0+255),f,c
   794  007D9E  D7FC               	bra	u77
   795  007DA0  F000               	nop	
   796  007DA2  2A0B               	incf	main@i,f,c
   797  007DA4  0E53               	movlw	83
   798  007DA6  640B               	cpfsgt	main@i,c
   799  007DA8  D7DF               	goto	l1080
   800                           
   801                           ;main.c: 69: };main.c: 70: _delay((unsigned long)((200)*(20000000/4000.0)));
   802  007DAA  0E06               	movlw	6
   803  007DAC  6E0A               	movwf	(??_main+1)& (0+255),c
   804  007DAE  0E13               	movlw	19
   805  007DB0  6E09               	movwf	??_main& (0+255),c
   806  007DB2  0EAE               	movlw	174
   807  007DB4                     u87:
   808  007DB4  2EE8               	decfsz	wreg,f,c
   809  007DB6  D7FE               	bra	u87
   810  007DB8  2E09               	decfsz	??_main& (0+255),f,c
   811  007DBA  D7FC               	bra	u87
   812  007DBC  2E0A               	decfsz	(??_main+1)& (0+255),f,c
   813  007DBE  D7FA               	bra	u87
   814                           
   815                           ;main.c: 71: for(uint8_t i = 84; i > 0 ;i--){
   816  007DC0  0E54               	movlw	84
   817  007DC2  6E0C               	movwf	main@i_284,c
   818  007DC4                     l1096:
   819                           
   820                           ;main.c: 72: pcd8544_putpixel(i, 0, 0);
   821  007DC4  0E00               	movlw	0
   822  007DC6  6E06               	movwf	pcd8544_putpixel@y,c
   823  007DC8  0E00               	movlw	0
   824  007DCA  6E07               	movwf	pcd8544_putpixel@color,c
   825  007DCC  500C               	movf	main@i_284,w,c
   826  007DCE  ECFD  F03D         	call	_pcd8544_putpixel
   827                           
   828                           ;main.c: 73: pcd8544_putpixel(i, 1, 0);
   829  007DD2  0E01               	movlw	1
   830  007DD4  6E06               	movwf	pcd8544_putpixel@y,c
   831  007DD6  0E00               	movlw	0
   832  007DD8  6E07               	movwf	pcd8544_putpixel@color,c
   833  007DDA  500C               	movf	main@i_284,w,c
   834  007DDC  ECFD  F03D         	call	_pcd8544_putpixel
   835                           
   836                           ;main.c: 74: pcd8544_putpixel(i, 2, 0);
   837  007DE0  0E02               	movlw	2
   838  007DE2  6E06               	movwf	pcd8544_putpixel@y,c
   839  007DE4  0E00               	movlw	0
   840  007DE6  6E07               	movwf	pcd8544_putpixel@color,c
   841  007DE8  500C               	movf	main@i_284,w,c
   842  007DEA  ECFD  F03D         	call	_pcd8544_putpixel
   843                           
   844                           ;main.c: 75: _delay((unsigned long)((25)*(20000000/4000.0)));
   845  007DEE  0EA3               	movlw	163
   846  007DF0  6E09               	movwf	??_main& (0+255),c
   847  007DF2  0E55               	movlw	85
   848  007DF4                     u97:
   849  007DF4  2EE8               	decfsz	wreg,f,c
   850  007DF6  D7FE               	bra	u97
   851  007DF8  2E09               	decfsz	??_main& (0+255),f,c
   852  007DFA  D7FC               	bra	u97
   853  007DFC  F000               	nop	
   854  007DFE  060C               	decf	main@i_284,f,c
   855  007E00  500C               	movf	main@i_284,w,c
   856  007E02  B4D8               	btfsc	status,2,c
   857  007E04  D7AF               	goto	l1074
   858  007E06  D7DE               	goto	l1096
   859  007E08                     __end_of_main:
   860                           	opt callstack 0
   861                           
   862 ;; *************** function _pic_init *****************
   863 ;; Defined at:
   864 ;;		line 21 in file "main.c"
   865 ;; Parameters:    Size  Location     Type
   866 ;;		None
   867 ;; Auto vars:     Size  Location     Type
   868 ;;		None
   869 ;; Return value:  Size  Location     Type
   870 ;;                  1    wreg      void 
   871 ;; Registers used:
   872 ;;		wreg, status,2
   873 ;; Tracked objects:
   874 ;;		On entry : 0/0
   875 ;;		On exit  : 0/0
   876 ;;		Unchanged: 0/0
   877 ;; Data sizes:     COMRAM   BANK0   BANK1   BANK2   BANK3   BANK4   BANK5   BANK6   BANK7
   878 ;;      Params:         0       0       0       0       0       0       0       0       0
   879 ;;      Locals:         0       0       0       0       0       0       0       0       0
   880 ;;      Temps:          0       0       0       0       0       0       0       0       0
   881 ;;      Totals:         0       0       0       0       0       0       0       0       0
   882 ;;Total ram usage:        0 bytes
   883 ;; Hardware stack levels used:    1
   884 ;; This function calls:
   885 ;;		Nothing
   886 ;; This function is called by:
   887 ;;		_main
   888 ;; This function uses a non-reentrant model
   889 ;;
   890                           
   891                           	psect	text1
   892  007BE4                     __ptext1:
   893                           	opt callstack 0
   894  007BE4                     _pic_init:
   895                           	opt callstack 30
   896                           
   897                           ;main.c: 25: ADCON0bits.ADON = 0;
   898                           
   899                           ;incstack = 0
   900  007BE4  90C2               	bcf	4034,0,c	;volatile
   901                           
   902                           ;main.c: 26: ADCON1 = 0x0F;
   903  007BE6  0E0F               	movlw	15
   904  007BE8  6EC1               	movwf	4033,c	;volatile
   905                           
   906                           ;main.c: 29: UCONbits.USBEN = 0;
   907  007BEA  966D               	bcf	3949,3,c	;volatile
   908                           
   909                           ;main.c: 32: TRISCbits.RC0 = 0;
   910  007BEC  9094               	bcf	3988,0,c	;volatile
   911                           
   912                           ;main.c: 33: TRISCbits.RC1 = 0;
   913  007BEE  9294               	bcf	3988,1,c	;volatile
   914                           
   915                           ;main.c: 34: TRISCbits.RC2 = 0;
   916  007BF0  9494               	bcf	3988,2,c	;volatile
   917                           
   918                           ;main.c: 36: LATCbits.LC0 = 1;
   919  007BF2  808B               	bsf	3979,0,c	;volatile
   920                           
   921                           ;main.c: 37: LATCbits.LC1 = 1;
   922  007BF4  828B               	bsf	3979,1,c	;volatile
   923                           
   924                           ;main.c: 38: LATCbits.LC2 = 0;
   925  007BF6  948B               	bcf	3979,2,c	;volatile
   926  007BF8  0012               	return		;funcret
   927  007BFA                     __end_of_pic_init:
   928                           	opt callstack 0
   929                           
   930 ;; *************** function _pcd8544_set_contrast *****************
   931 ;; Defined at:
   932 ;;		line 95 in file "pcd8544.c"
   933 ;; Parameters:    Size  Location     Type
   934 ;;  val             1    wreg     unsigned char 
   935 ;; Auto vars:     Size  Location     Type
   936 ;;  val             1    0[COMRAM] unsigned char 
   937 ;; Return value:  Size  Location     Type
   938 ;;                  1    wreg      void 
   939 ;; Registers used:
   940 ;;		wreg, status,2, cstack
   941 ;; Tracked objects:
   942 ;;		On entry : 0/0
   943 ;;		On exit  : 0/0
   944 ;;		Unchanged: 0/0
   945 ;; Data sizes:     COMRAM   BANK0   BANK1   BANK2   BANK3   BANK4   BANK5   BANK6   BANK7
   946 ;;      Params:         0       0       0       0       0       0       0       0       0
   947 ;;      Locals:         0       0       0       0       0       0       0       0       0
   948 ;;      Temps:          0       0       0       0       0       0       0       0       0
   949 ;;      Totals:         0       0       0       0       0       0       0       0       0
   950 ;;Total ram usage:        0 bytes
   951 ;; Hardware stack levels used:    1
   952 ;; Hardware stack levels required when called:    2
   953 ;; This function calls:
   954 ;;		_pcd8544_command
   955 ;; This function is called by:
   956 ;;		_main
   957 ;; This function uses a non-reentrant model
   958 ;;
   959                           
   960                           	psect	text2
   961  007BBA                     __ptext2:
   962                           	opt callstack 0
   963  007BBA                     _pcd8544_set_contrast:
   964                           	opt callstack 28
   965                           
   966                           ;pcd8544.c: 97: pcd8544_command(0x20 | 0x01);
   967                           
   968                           ;incstack = 0
   969  007BBA  0E21               	movlw	33
   970  007BBC  ECCA  F03D         	call	_pcd8544_command
   971                           
   972                           ;pcd8544.c: 98: pcd8544_command(0x80 | 0x3F);
   973  007BC0  0EBF               	movlw	191
   974  007BC2  ECCA  F03D         	call	_pcd8544_command
   975                           
   976                           ;pcd8544.c: 99: pcd8544_command(0x20);
   977  007BC6  0E20               	movlw	32
   978  007BC8  ECCA  F03D         	call	_pcd8544_command
   979  007BCC  0012               	return		;funcret
   980  007BCE                     __end_of_pcd8544_set_contrast:
   981                           	opt callstack 0
   982                           
   983 ;; *************** function _pcd8544_putpixel *****************
   984 ;; Defined at:
   985 ;;		line 117 in file "pcd8544.c"
   986 ;; Parameters:    Size  Location     Type
   987 ;;  x               1    wreg     unsigned char 
   988 ;;  y               1    5[COMRAM] unsigned char 
   989 ;;  color           1    6[COMRAM] unsigned char 
   990 ;; Auto vars:     Size  Location     Type
   991 ;;  x               1    7[COMRAM] unsigned char 
   992 ;; Return value:  Size  Location     Type
   993 ;;                  1    wreg      void 
   994 ;; Registers used:
   995 ;;		wreg, status,2, status,0, cstack
   996 ;; Tracked objects:
   997 ;;		On entry : 0/0
   998 ;;		On exit  : 0/0
   999 ;;		Unchanged: 0/0
  1000 ;; Data sizes:     COMRAM   BANK0   BANK1   BANK2   BANK3   BANK4   BANK5   BANK6   BANK7
  1001 ;;      Params:         2       0       0       0       0       0       0       0       0
  1002 ;;      Locals:         1       0       0       0       0       0       0       0       0
  1003 ;;      Temps:          0       0       0       0       0       0       0       0       0
  1004 ;;      Totals:         3       0       0       0       0       0       0       0       0
  1005 ;;Total ram usage:        3 bytes
  1006 ;; Hardware stack levels used:    1
  1007 ;; Hardware stack levels required when called:    3
  1008 ;; This function calls:
  1009 ;;		_WriteSPI
  1010 ;;		_pcd8544_setxy
  1011 ;; This function is called by:
  1012 ;;		_main
  1013 ;; This function uses a non-reentrant model
  1014 ;;
  1015                           
  1016                           	psect	text3
  1017  007BFA                     __ptext3:
  1018                           	opt callstack 0
  1019  007BFA                     _pcd8544_putpixel:
  1020                           	opt callstack 27
  1021                           
  1022                           ;incstack = 0
  1023                           ;pcd8544_putpixel@x stored from wreg
  1024  007BFA  6E08               	movwf	pcd8544_putpixel@x,c
  1025                           
  1026                           ;pcd8544.c: 132: pcd8544_setxy(x, y);
  1027  007BFC  C006  F004         	movff	pcd8544_putpixel@y,pcd8544_setxy@y
  1028  007C00  5008               	movf	pcd8544_putpixel@x,w,c
  1029  007C02  ECD3  F03D         	call	_pcd8544_setxy
  1030                           
  1031                           ;pcd8544.c: 135: LATCbits.LC1 = 0;
  1032  007C06  928B               	bcf	3979,1,c	;volatile
  1033                           
  1034                           ;pcd8544.c: 137: LATCbits.LC2 = 1;
  1035  007C08  848B               	bsf	3979,2,c	;volatile
  1036                           
  1037                           ;pcd8544.c: 139: WriteSPI(color);
  1038  007C0A  5007               	movf	pcd8544_putpixel@color,w,c
  1039  007C0C  ECE7  F03D         	call	_WriteSPI
  1040                           
  1041                           ;pcd8544.c: 142: LATCbits.LC1 = 1;
  1042  007C10  828B               	bsf	3979,1,c	;volatile
  1043  007C12  0012               	return		;funcret
  1044  007C14                     __end_of_pcd8544_putpixel:
  1045                           	opt callstack 0
  1046                           
  1047 ;; *************** function _pcd8544_setxy *****************
  1048 ;; Defined at:
  1049 ;;		line 185 in file "pcd8544.c"
  1050 ;; Parameters:    Size  Location     Type
  1051 ;;  x               1    wreg     unsigned char 
  1052 ;;  y               1    3[COMRAM] unsigned char 
  1053 ;; Auto vars:     Size  Location     Type
  1054 ;;  x               1    4[COMRAM] unsigned char 
  1055 ;; Return value:  Size  Location     Type
  1056 ;;                  1    wreg      void 
  1057 ;; Registers used:
  1058 ;;		wreg, status,2, status,0, cstack
  1059 ;; Tracked objects:
  1060 ;;		On entry : 0/0
  1061 ;;		On exit  : 0/0
  1062 ;;		Unchanged: 0/0
  1063 ;; Data sizes:     COMRAM   BANK0   BANK1   BANK2   BANK3   BANK4   BANK5   BANK6   BANK7
  1064 ;;      Params:         1       0       0       0       0       0       0       0       0
  1065 ;;      Locals:         1       0       0       0       0       0       0       0       0
  1066 ;;      Temps:          0       0       0       0       0       0       0       0       0
  1067 ;;      Totals:         2       0       0       0       0       0       0       0       0
  1068 ;;Total ram usage:        2 bytes
  1069 ;; Hardware stack levels used:    1
  1070 ;; Hardware stack levels required when called:    2
  1071 ;; This function calls:
  1072 ;;		_pcd8544_command
  1073 ;; This function is called by:
  1074 ;;		_pcd8544_putpixel
  1075 ;; This function uses a non-reentrant model
  1076 ;;
  1077                           
  1078                           	psect	text4
  1079  007BA6                     __ptext4:
  1080                           	opt callstack 0
  1081  007BA6                     _pcd8544_setxy:
  1082                           	opt callstack 27
  1083                           
  1084                           ;incstack = 0
  1085                           ;pcd8544_setxy@x stored from wreg
  1086  007BA6  6E05               	movwf	pcd8544_setxy@x,c
  1087                           
  1088                           ;pcd8544.c: 187: pcd8544_command(0x80 | x);
  1089  007BA8  5005               	movf	pcd8544_setxy@x,w,c
  1090  007BAA  0980               	iorlw	128
  1091  007BAC  ECCA  F03D         	call	_pcd8544_command
  1092                           
  1093                           ;pcd8544.c: 188: pcd8544_command(0x40 | y);
  1094  007BB0  5004               	movf	pcd8544_setxy@y,w,c
  1095  007BB2  0940               	iorlw	64
  1096  007BB4  ECCA  F03D         	call	_pcd8544_command
  1097  007BB8  0012               	return		;funcret
  1098  007BBA                     __end_of_pcd8544_setxy:
  1099                           	opt callstack 0
  1100                           
  1101 ;; *************** function _pcd8544_init *****************
  1102 ;; Defined at:
  1103 ;;		line 50 in file "pcd8544.c"
  1104 ;; Parameters:    Size  Location     Type
  1105 ;;		None
  1106 ;; Auto vars:     Size  Location     Type
  1107 ;;		None
  1108 ;; Return value:  Size  Location     Type
  1109 ;;                  1    wreg      void 
  1110 ;; Registers used:
  1111 ;;		wreg, status,2, cstack
  1112 ;; Tracked objects:
  1113 ;;		On entry : 0/0
  1114 ;;		On exit  : 0/0
  1115 ;;		Unchanged: 0/0
  1116 ;; Data sizes:     COMRAM   BANK0   BANK1   BANK2   BANK3   BANK4   BANK5   BANK6   BANK7
  1117 ;;      Params:         0       0       0       0       0       0       0       0       0
  1118 ;;      Locals:         0       0       0       0       0       0       0       0       0
  1119 ;;      Temps:          0       0       0       0       0       0       0       0       0
  1120 ;;      Totals:         0       0       0       0       0       0       0       0       0
  1121 ;;Total ram usage:        0 bytes
  1122 ;; Hardware stack levels used:    1
  1123 ;; Hardware stack levels required when called:    2
  1124 ;; This function calls:
  1125 ;;		_pcd8544_command
  1126 ;;		_pcd8544_reset
  1127 ;; This function is called by:
  1128 ;;		_main
  1129 ;; This function uses a non-reentrant model
  1130 ;;
  1131                           
  1132                           	psect	text5
  1133  007C14                     __ptext5:
  1134                           	opt callstack 0
  1135  007C14                     _pcd8544_init:
  1136                           	opt callstack 28
  1137                           
  1138                           ;pcd8544.c: 53: pcd8544_reset();
  1139                           
  1140                           ;incstack = 0
  1141  007C14  EC36  F03E         	call	_pcd8544_reset	;wreg free
  1142                           
  1143                           ;pcd8544.c: 83: pcd8544_command(0x20 | 0x01);
  1144  007C18  0E21               	movlw	33
  1145  007C1A  ECCA  F03D         	call	_pcd8544_command
  1146                           
  1147                           ;pcd8544.c: 84: pcd8544_command(0x10 | 0x03);
  1148  007C1E  0E13               	movlw	19
  1149  007C20  ECCA  F03D         	call	_pcd8544_command
  1150                           
  1151                           ;pcd8544.c: 87: pcd8544_command(0x80 | 0x3F);
  1152  007C24  0EBF               	movlw	191
  1153  007C26  ECCA  F03D         	call	_pcd8544_command
  1154                           
  1155                           ;pcd8544.c: 89: pcd8544_command(0x04 | 0x03);
  1156  007C2A  0E07               	movlw	7
  1157  007C2C  ECCA  F03D         	call	_pcd8544_command
  1158                           
  1159                           ;pcd8544.c: 91: pcd8544_command(0x20);
  1160  007C30  0E20               	movlw	32
  1161  007C32  ECCA  F03D         	call	_pcd8544_command
  1162                           
  1163                           ;pcd8544.c: 92: pcd8544_command(0x08 | 0x0C);
  1164  007C36  0E0C               	movlw	12
  1165  007C38  ECCA  F03D         	call	_pcd8544_command
  1166  007C3C  0012               	return		;funcret
  1167  007C3E                     __end_of_pcd8544_init:
  1168                           	opt callstack 0
  1169                           
  1170 ;; *************** function _pcd8544_reset *****************
  1171 ;; Defined at:
  1172 ;;		line 15 in file "pcd8544.c"
  1173 ;; Parameters:    Size  Location     Type
  1174 ;;		None
  1175 ;; Auto vars:     Size  Location     Type
  1176 ;;  i               1    0        unsigned char 
  1177 ;; Return value:  Size  Location     Type
  1178 ;;                  1    wreg      void 
  1179 ;; Registers used:
  1180 ;;		wreg
  1181 ;; Tracked objects:
  1182 ;;		On entry : 0/0
  1183 ;;		On exit  : 0/0
  1184 ;;		Unchanged: 0/0
  1185 ;; Data sizes:     COMRAM   BANK0   BANK1   BANK2   BANK3   BANK4   BANK5   BANK6   BANK7
  1186 ;;      Params:         0       0       0       0       0       0       0       0       0
  1187 ;;      Locals:         0       0       0       0       0       0       0       0       0
  1188 ;;      Temps:          2       0       0       0       0       0       0       0       0
  1189 ;;      Totals:         2       0       0       0       0       0       0       0       0
  1190 ;;Total ram usage:        2 bytes
  1191 ;; Hardware stack levels used:    1
  1192 ;; This function calls:
  1193 ;;		Nothing
  1194 ;; This function is called by:
  1195 ;;		_pcd8544_init
  1196 ;; This function uses a non-reentrant model
  1197 ;;
  1198                           
  1199                           	psect	text6
  1200  007C6C                     __ptext6:
  1201                           	opt callstack 0
  1202  007C6C                     _pcd8544_reset:
  1203                           	opt callstack 29
  1204                           
  1205                           ;pcd8544.c: 17: uint8_t i;;pcd8544.c: 19: LATCbits.LC1 = 0;
  1206                           
  1207                           ;incstack = 0
  1208  007C6C  928B               	bcf	3979,1,c	;volatile
  1209                           
  1210                           ;pcd8544.c: 20: LATCbits.LC0 = 0;
  1211  007C6E  908B               	bcf	3979,0,c	;volatile
  1212                           
  1213                           ;pcd8544.c: 22: _delay((unsigned long)((25 * 8)*(20000000/4000.0)));
  1214  007C70  0E06               	movlw	6
  1215  007C72  6E02               	movwf	(??_pcd8544_reset+1)& (0+255),c
  1216  007C74  0E13               	movlw	19
  1217  007C76  6E01               	movwf	??_pcd8544_reset& (0+255),c
  1218  007C78  0EAE               	movlw	174
  1219  007C7A                     u107:
  1220  007C7A  2EE8               	decfsz	wreg,f,c
  1221  007C7C  D7FE               	bra	u107
  1222  007C7E  2E01               	decfsz	??_pcd8544_reset& (0+255),f,c
  1223  007C80  D7FC               	bra	u107
  1224  007C82  2E02               	decfsz	(??_pcd8544_reset+1)& (0+255),f,c
  1225  007C84  D7FA               	bra	u107
  1226                           
  1227                           ;pcd8544.c: 24: LATCbits.LC0 = 1;
  1228  007C86  808B               	bsf	3979,0,c	;volatile
  1229                           
  1230                           ;pcd8544.c: 26: _delay((unsigned long)((25)*(20000000/4000.0)));
  1231  007C88  0EA3               	movlw	163
  1232  007C8A  6E01               	movwf	??_pcd8544_reset& (0+255),c
  1233  007C8C  0E55               	movlw	85
  1234  007C8E                     u117:
  1235  007C8E  2EE8               	decfsz	wreg,f,c
  1236  007C90  D7FE               	bra	u117
  1237  007C92  2E01               	decfsz	??_pcd8544_reset& (0+255),f,c
  1238  007C94  D7FC               	bra	u117
  1239  007C96  F000               	nop	
  1240                           
  1241                           ;pcd8544.c: 30: LATCbits.LC1 = 1;
  1242  007C98  828B               	bsf	3979,1,c	;volatile
  1243                           
  1244                           ;pcd8544.c: 31: _delay((unsigned long)((10)*(20000000/4000.0)));
  1245  007C9A  0E41               	movlw	65
  1246  007C9C  6E01               	movwf	??_pcd8544_reset& (0+255),c
  1247  007C9E  0EEE               	movlw	238
  1248  007CA0                     u127:
  1249  007CA0  2EE8               	decfsz	wreg,f,c
  1250  007CA2  D7FE               	bra	u127
  1251  007CA4  2E01               	decfsz	??_pcd8544_reset& (0+255),f,c
  1252  007CA6  D7FC               	bra	u127
  1253  007CA8  D000               	nop2	
  1254  007CAA  0012               	return		;funcret
  1255  007CAC                     __end_of_pcd8544_reset:
  1256                           	opt callstack 0
  1257                           
  1258 ;; *************** function _pcd8544_flash *****************
  1259 ;; Defined at:
  1260 ;;		line 108 in file "pcd8544.c"
  1261 ;; Parameters:    Size  Location     Type
  1262 ;;		None
  1263 ;; Auto vars:     Size  Location     Type
  1264 ;;		None
  1265 ;; Return value:  Size  Location     Type
  1266 ;;                  1    wreg      void 
  1267 ;; Registers used:
  1268 ;;		wreg, status,2, cstack
  1269 ;; Tracked objects:
  1270 ;;		On entry : 0/0
  1271 ;;		On exit  : 0/0
  1272 ;;		Unchanged: 0/0
  1273 ;; Data sizes:     COMRAM   BANK0   BANK1   BANK2   BANK3   BANK4   BANK5   BANK6   BANK7
  1274 ;;      Params:         0       0       0       0       0       0       0       0       0
  1275 ;;      Locals:         0       0       0       0       0       0       0       0       0
  1276 ;;      Temps:          2       0       0       0       0       0       0       0       0
  1277 ;;      Totals:         2       0       0       0       0       0       0       0       0
  1278 ;;Total ram usage:        2 bytes
  1279 ;; Hardware stack levels used:    1
  1280 ;; Hardware stack levels required when called:    2
  1281 ;; This function calls:
  1282 ;;		_pcd8544_command
  1283 ;; This function is called by:
  1284 ;;		_main
  1285 ;; This function uses a non-reentrant model
  1286 ;;
  1287                           
  1288                           	psect	text7
  1289  007CAC                     __ptext7:
  1290                           	opt callstack 0
  1291  007CAC                     _pcd8544_flash:
  1292                           	opt callstack 28
  1293                           
  1294                           ;pcd8544.c: 110: pcd8544_command(0x08);
  1295                           
  1296                           ;incstack = 0
  1297  007CAC  0E08               	movlw	8
  1298  007CAE  ECCA  F03D         	call	_pcd8544_command
  1299                           
  1300                           ;pcd8544.c: 111: _delay((unsigned long)((50)*(20000000/4000.0)));
  1301  007CB2  0E02               	movlw	2
  1302  007CB4  6E05               	movwf	(??_pcd8544_flash+1)& (0+255),c
  1303  007CB6  0E45               	movlw	69
  1304  007CB8  6E04               	movwf	??_pcd8544_flash& (0+255),c
  1305  007CBA  0EAA               	movlw	170
  1306  007CBC                     u137:
  1307  007CBC  2EE8               	decfsz	wreg,f,c
  1308  007CBE  D7FE               	bra	u137
  1309  007CC0  2E04               	decfsz	??_pcd8544_flash& (0+255),f,c
  1310  007CC2  D7FC               	bra	u137
  1311  007CC4  2E05               	decfsz	(??_pcd8544_flash+1)& (0+255),f,c
  1312  007CC6  D7FA               	bra	u137
  1313                           
  1314                           ;pcd8544.c: 112: pcd8544_command(0x09);
  1315  007CC8  0E09               	movlw	9
  1316  007CCA  ECCA  F03D         	call	_pcd8544_command
  1317                           
  1318                           ;pcd8544.c: 113: _delay((unsigned long)((500)*(20000000/4000.0)));
  1319  007CCE  0E0D               	movlw	13
  1320  007CD0  6E05               	movwf	(??_pcd8544_flash+1)& (0+255),c
  1321  007CD2  0EAF               	movlw	175
  1322  007CD4  6E04               	movwf	??_pcd8544_flash& (0+255),c
  1323  007CD6  0EB6               	movlw	182
  1324  007CD8                     u147:
  1325  007CD8  2EE8               	decfsz	wreg,f,c
  1326  007CDA  D7FE               	bra	u147
  1327  007CDC  2E04               	decfsz	??_pcd8544_flash& (0+255),f,c
  1328  007CDE  D7FC               	bra	u147
  1329  007CE0  2E05               	decfsz	(??_pcd8544_flash+1)& (0+255),f,c
  1330  007CE2  D7FA               	bra	u147
  1331  007CE4  D000               	nop2	
  1332                           
  1333                           ;pcd8544.c: 114: pcd8544_command(0x0C);
  1334  007CE6  0E0C               	movlw	12
  1335  007CE8  ECCA  F03D         	call	_pcd8544_command
  1336  007CEC  0012               	return		;funcret
  1337  007CEE                     __end_of_pcd8544_flash:
  1338                           	opt callstack 0
  1339                           
  1340 ;; *************** function _pcd8544_command *****************
  1341 ;; Defined at:
  1342 ;;		line 34 in file "pcd8544.c"
  1343 ;; Parameters:    Size  Location     Type
  1344 ;;  cmd             1    wreg     unsigned char 
  1345 ;; Auto vars:     Size  Location     Type
  1346 ;;  cmd             1    2[COMRAM] unsigned char 
  1347 ;; Return value:  Size  Location     Type
  1348 ;;                  1    wreg      void 
  1349 ;; Registers used:
  1350 ;;		wreg, status,2, cstack
  1351 ;; Tracked objects:
  1352 ;;		On entry : 0/0
  1353 ;;		On exit  : 0/0
  1354 ;;		Unchanged: 0/0
  1355 ;; Data sizes:     COMRAM   BANK0   BANK1   BANK2   BANK3   BANK4   BANK5   BANK6   BANK7
  1356 ;;      Params:         0       0       0       0       0       0       0       0       0
  1357 ;;      Locals:         1       0       0       0       0       0       0       0       0
  1358 ;;      Temps:          0       0       0       0       0       0       0       0       0
  1359 ;;      Totals:         1       0       0       0       0       0       0       0       0
  1360 ;;Total ram usage:        1 bytes
  1361 ;; Hardware stack levels used:    1
  1362 ;; Hardware stack levels required when called:    1
  1363 ;; This function calls:
  1364 ;;		_WriteSPI
  1365 ;; This function is called by:
  1366 ;;		_pcd8544_init
  1367 ;;		_pcd8544_set_contrast
  1368 ;;		_pcd8544_flash
  1369 ;;		_pcd8544_setxy
  1370 ;; This function uses a non-reentrant model
  1371 ;;
  1372                           
  1373                           	psect	text8
  1374  007B94                     __ptext8:
  1375                           	opt callstack 0
  1376  007B94                     _pcd8544_command:
  1377                           	opt callstack 28
  1378                           
  1379                           ;incstack = 0
  1380                           ;pcd8544_command@cmd stored from wreg
  1381  007B94  6E03               	movwf	pcd8544_command@cmd,c
  1382                           
  1383                           ;pcd8544.c: 37: LATCbits.LC1 = 0;
  1384  007B96  928B               	bcf	3979,1,c	;volatile
  1385                           
  1386                           ;pcd8544.c: 39: LATCbits.LC2 = 0;
  1387  007B98  948B               	bcf	3979,2,c	;volatile
  1388                           
  1389                           ;pcd8544.c: 41: WriteSPI(cmd);
  1390  007B9A  5003               	movf	pcd8544_command@cmd,w,c
  1391  007B9C  ECE7  F03D         	call	_WriteSPI
  1392                           
  1393                           ;pcd8544.c: 44: LATCbits.LC2 = 1;
  1394  007BA0  848B               	bsf	3979,2,c	;volatile
  1395                           
  1396                           ;pcd8544.c: 46: LATCbits.LC1 = 1;
  1397  007BA2  828B               	bsf	3979,1,c	;volatile
  1398  007BA4  0012               	return		;funcret
  1399  007BA6                     __end_of_pcd8544_command:
  1400                           	opt callstack 0
  1401                           
  1402 ;; *************** function _WriteSPI *****************
  1403 ;; Defined at:
  1404 ;;		line 13 in file "/opt/microchip/xc8/v2.05/sources/pic18/plib/SPI/spi_writ.c"
  1405 ;; Parameters:    Size  Location     Type
  1406 ;;  data_out        1    wreg     unsigned char 
  1407 ;; Auto vars:     Size  Location     Type
  1408 ;;  data_out        1    1[COMRAM] unsigned char 
  1409 ;;  TempVar         1    0        unsigned char 
  1410 ;; Return value:  Size  Location     Type
  1411 ;;                  1    wreg      char 
  1412 ;; Registers used:
  1413 ;;		wreg
  1414 ;; Tracked objects:
  1415 ;;		On entry : 0/0
  1416 ;;		On exit  : 0/0
  1417 ;;		Unchanged: 0/0
  1418 ;; Data sizes:     COMRAM   BANK0   BANK1   BANK2   BANK3   BANK4   BANK5   BANK6   BANK7
  1419 ;;      Params:         0       0       0       0       0       0       0       0       0
  1420 ;;      Locals:         2       0       0       0       0       0       0       0       0
  1421 ;;      Temps:          0       0       0       0       0       0       0       0       0
  1422 ;;      Totals:         2       0       0       0       0       0       0       0       0
  1423 ;;Total ram usage:        2 bytes
  1424 ;; Hardware stack levels used:    1
  1425 ;; This function calls:
  1426 ;;		Nothing
  1427 ;; This function is called by:
  1428 ;;		_pcd8544_command
  1429 ;;		_pcd8544_putpixel
  1430 ;; This function uses a non-reentrant model
  1431 ;;
  1432                           
  1433                           	psect	text9
  1434  007BCE                     __ptext9:
  1435                           	opt callstack 0
  1436  007BCE                     _WriteSPI:
  1437                           	opt callstack 28
  1438                           
  1439                           ;incstack = 0
  1440                           ;WriteSPI@data_out stored from wreg
  1441  007BCE  6E02               	movwf	WriteSPI@data_out,c
  1442  007BD0  50C9               	movf	4041,w,c	;volatile
  1443                           
  1444                           ;spi_writ.c: 17: PIR1bits.SSPIF = 0;
  1445  007BD2  969E               	bcf	3998,3,c	;volatile
  1446                           
  1447                           ;spi_writ.c: 18: SSPCON1bits.WCOL = 0;
  1448  007BD4  9EC6               	bcf	4038,7,c	;volatile
  1449                           
  1450                           ;spi_writ.c: 19: SSPBUF = data_out;
  1451  007BD6  C002  FFC9         	movff	WriteSPI@data_out,4041	;volatile
  1452                           
  1453                           ;spi_writ.c: 20: if ( SSPCON1 & 0x80 )
  1454  007BDA  BEC6               	btfsc	4038,7,c	;volatile
  1455  007BDC  0012               	return	
  1456  007BDE                     l142:
  1457  007BDE  B69E               	btfsc	3998,3,c	;volatile
  1458  007BE0  0012               	return	
  1459  007BE2  D7FD               	goto	l142
  1460  007BE4                     __end_of_WriteSPI:
  1461                           	opt callstack 0
  1462                           
  1463 ;; *************** function _OpenSPI *****************
  1464 ;; Defined at:
  1465 ;;		line 14 in file "/opt/microchip/xc8/v2.05/sources/pic18/plib/SPI/spi_open.c"
  1466 ;; Parameters:    Size  Location     Type
  1467 ;;  sync_mode       1    wreg     unsigned char 
  1468 ;;  bus_mode        1    0[COMRAM] unsigned char 
  1469 ;;  smp_phase       1    1[COMRAM] unsigned char 
  1470 ;; Auto vars:     Size  Location     Type
  1471 ;;  sync_mode       1    2[COMRAM] unsigned char 
  1472 ;; Return value:  Size  Location     Type
  1473 ;;                  1    wreg      void 
  1474 ;; Registers used:
  1475 ;;		wreg, status,2, status,0
  1476 ;; Tracked objects:
  1477 ;;		On entry : 0/0
  1478 ;;		On exit  : 0/0
  1479 ;;		Unchanged: 0/0
  1480 ;; Data sizes:     COMRAM   BANK0   BANK1   BANK2   BANK3   BANK4   BANK5   BANK6   BANK7
  1481 ;;      Params:         2       0       0       0       0       0       0       0       0
  1482 ;;      Locals:         1       0       0       0       0       0       0       0       0
  1483 ;;      Temps:          0       0       0       0       0       0       0       0       0
  1484 ;;      Totals:         3       0       0       0       0       0       0       0       0
  1485 ;;Total ram usage:        3 bytes
  1486 ;; Hardware stack levels used:    1
  1487 ;; This function calls:
  1488 ;;		Nothing
  1489 ;; This function is called by:
  1490 ;;		_main
  1491 ;; This function uses a non-reentrant model
  1492 ;;
  1493                           
  1494                           	psect	text10
  1495  007CEE                     __ptext10:
  1496                           	opt callstack 0
  1497  007CEE                     _OpenSPI:
  1498                           	opt callstack 30
  1499                           
  1500                           ;incstack = 0
  1501                           ;OpenSPI@sync_mode stored from wreg
  1502  007CEE  6E03               	movwf	OpenSPI@sync_mode,c
  1503                           
  1504                           ;spi_open.c: 16: SSPSTAT &= 0x3F;
  1505  007CF0  0E3F               	movlw	63
  1506  007CF2  16C7               	andwf	4039,f,c	;volatile
  1507                           
  1508                           ;spi_open.c: 17: SSPCON1 = 0x00;
  1509  007CF4  0E00               	movlw	0
  1510  007CF6  6EC6               	movwf	4038,c	;volatile
  1511                           
  1512                           ;spi_open.c: 18: SSPCON1 |= sync_mode;
  1513  007CF8  5003               	movf	OpenSPI@sync_mode,w,c
  1514  007CFA  12C6               	iorwf	4038,f,c	;volatile
  1515                           
  1516                           ;spi_open.c: 19: SSPSTAT |= smp_phase;
  1517  007CFC  5002               	movf	OpenSPI@smp_phase,w,c
  1518  007CFE  12C7               	iorwf	4039,f,c	;volatile
  1519                           
  1520                           ;spi_open.c: 21: switch( bus_mode )
  1521  007D00  D005               	goto	l1056
  1522  007D02                     l108:
  1523                           
  1524                           ;spi_open.c: 24: SSPSTATbits.CKE = 1;
  1525  007D02  8CC7               	bsf	4039,6,c	;volatile
  1526                           
  1527                           ;spi_open.c: 25: break;
  1528  007D04  D013               	goto	l1060
  1529  007D06                     l110:
  1530                           
  1531                           ;spi_open.c: 27: SSPSTATbits.CKE = 1;
  1532  007D06  8CC7               	bsf	4039,6,c	;volatile
  1533  007D08                     l111:
  1534                           
  1535                           ;spi_open.c: 31: SSPCON1bits.CKP = 1;
  1536  007D08  88C6               	bsf	4038,4,c	;volatile
  1537                           
  1538                           ;spi_open.c: 32: break;
  1539  007D0A  D010               	goto	l1060
  1540  007D0C                     l1056:
  1541  007D0C  5001               	movf	OpenSPI@bus_mode,w,c
  1542                           
  1543                           ; Switch size 1, requested type "simple"
  1544                           ; Number of cases is 3, Range of values is 0 to 3
  1545                           ; switch strategies available:
  1546                           ; Name         Instructions Cycles
  1547                           ; simple_byte           10     6 (average)
  1548                           ;	Chosen strategy is simple_byte
  1549  007D0E  0A00               	xorlw	0	; case 0
  1550  007D10  B4D8               	btfsc	status,2,c
  1551  007D12  D7F7               	goto	l108
  1552  007D14  0A02               	xorlw	2	; case 2
  1553  007D16  B4D8               	btfsc	status,2,c
  1554  007D18  D7F6               	goto	l110
  1555  007D1A  0A01               	xorlw	1	; case 3
  1556  007D1C  B4D8               	btfsc	status,2,c
  1557  007D1E  D7F4               	goto	l111
  1558  007D20  D005               	goto	l1060
  1559  007D22                     l114:
  1560                           
  1561                           ;spi_open.c: 47: TRISAbits.TRISA5 = 1;
  1562  007D22  8A92               	bsf	3986,5,c	;volatile
  1563  007D24                     l116:
  1564                           
  1565                           ;spi_open.c: 66: TRISBbits.TRISB1 = 1;
  1566  007D24  8293               	bsf	3987,1,c	;volatile
  1567                           
  1568                           ;spi_open.c: 72: break;
  1569  007D26  D00A               	goto	l115
  1570  007D28                     l117:
  1571                           
  1572                           ;spi_open.c: 78: TRISBbits.TRISB1 = 0;
  1573  007D28  9293               	bcf	3987,1,c	;volatile
  1574                           
  1575                           ;spi_open.c: 85: break;
  1576  007D2A  D008               	goto	l115
  1577  007D2C                     l1060:
  1578  007D2C  5003               	movf	OpenSPI@sync_mode,w,c
  1579                           
  1580                           ; Switch size 1, requested type "simple"
  1581                           ; Number of cases is 2, Range of values is 4 to 5
  1582                           ; switch strategies available:
  1583                           ; Name         Instructions Cycles
  1584                           ; simple_byte            7     4 (average)
  1585                           ;	Chosen strategy is simple_byte
  1586  007D2E  0A04               	xorlw	4	; case 4
  1587  007D30  B4D8               	btfsc	status,2,c
  1588  007D32  D7F7               	goto	l114
  1589  007D34  0A01               	xorlw	1	; case 5
  1590  007D36  B4D8               	btfsc	status,2,c
  1591  007D38  D7F5               	goto	l116
  1592  007D3A  D7F6               	goto	l117
  1593  007D3C                     l115:
  1594                           
  1595                           ;spi_open.c: 88: TRISBbits.TRISB0 = 1;
  1596  007D3C  8093               	bsf	3987,0,c	;volatile
  1597                           
  1598                           ;spi_open.c: 89: TRISCbits.TRISC7 = 0;
  1599  007D3E  9E94               	bcf	3988,7,c	;volatile
  1600                           
  1601                           ;spi_open.c: 101: SSPCON1 |= 0b00100000;
  1602  007D40  8AC6               	bsf	4038,5,c	;volatile
  1603  007D42  0012               	return		;funcret
  1604  007D44                     __end_of_OpenSPI:
  1605                           	opt callstack 0
  1606  0000                     
  1607                           	psect	rparam
  1608  0000                     tosu	equ	0xFFF
  1609                           tosh	equ	0xFFE
  1610                           tosl	equ	0xFFD
  1611                           stkptr	equ	0xFFC
  1612                           pclatu	equ	0xFFB
  1613                           pclath	equ	0xFFA
  1614                           pcl	equ	0xFF9
  1615                           tblptru	equ	0xFF8
  1616                           tblptrh	equ	0xFF7
  1617                           tblptrl	equ	0xFF6
  1618                           tablat	equ	0xFF5
  1619                           prodh	equ	0xFF4
  1620                           prodl	equ	0xFF3
  1621                           indf0	equ	0xFEF
  1622                           postinc0	equ	0xFEE
  1623                           postdec0	equ	0xFED
  1624                           preinc0	equ	0xFEC
  1625                           plusw0	equ	0xFEB
  1626                           fsr0h	equ	0xFEA
  1627                           fsr0l	equ	0xFE9
  1628                           wreg	equ	0xFE8
  1629                           indf1	equ	0xFE7
  1630                           postinc1	equ	0xFE6
  1631                           postdec1	equ	0xFE5
  1632                           preinc1	equ	0xFE4
  1633                           plusw1	equ	0xFE3
  1634                           fsr1h	equ	0xFE2
  1635                           fsr1l	equ	0xFE1
  1636                           bsr	equ	0xFE0
  1637                           indf2	equ	0xFDF
  1638                           postinc2	equ	0xFDE
  1639                           postdec2	equ	0xFDD
  1640                           preinc2	equ	0xFDC
  1641                           plusw2	equ	0xFDB
  1642                           fsr2h	equ	0xFDA
  1643                           fsr2l	equ	0xFD9
  1644                           status	equ	0xFD8


Data Sizes:
    Strings     0
    Constant    0
    Data        504
    BSS         0
    Persistent  0
    Stack       0

Auto Spaces:
    Space          Size  Autos    Used
    COMRAM           95     12      12
    BANK0           160      0       0
    BANK1           256      0       0
    BANK2           256      0       0
    BANK3           256      0       0
    BANK4           256      0       0
    BANK5           256      0       0
    BANK6           256      0       0
    BANK7           256      0       0

Pointer List with Targets:

    None.

Critical Paths under _main in COMRAM

    _main->_pcd8544_putpixel
    _pcd8544_set_contrast->_pcd8544_command
    _pcd8544_putpixel->_pcd8544_setxy
    _pcd8544_setxy->_pcd8544_command
    _pcd8544_init->_pcd8544_command
    _pcd8544_flash->_pcd8544_command
    _pcd8544_command->_WriteSPI

Critical Paths under _main in BANK0

    None.

Critical Paths under _main in BANK1

    None.

Critical Paths under _main in BANK2

    None.

Critical Paths under _main in BANK3

    None.

Critical Paths under _main in BANK4

    None.

Critical Paths under _main in BANK5

    None.

Critical Paths under _main in BANK6

    None.

Critical Paths under _main in BANK7

    None.

Call Graph Tables:

 ---------------------------------------------------------------------------------
 (Depth) Function   	        Calls       Base Space   Used Autos Params    Refs
 ---------------------------------------------------------------------------------
 (0) _main                                                 4     4      0    1697
                                              8 COMRAM     4     4      0
                            _OpenSPI
                      _pcd8544_flash
                       _pcd8544_init
                   _pcd8544_putpixel
               _pcd8544_set_contrast
                           _pic_init
 ---------------------------------------------------------------------------------
 (1) _pic_init                                             0     0      0       0
 ---------------------------------------------------------------------------------
 (1) _pcd8544_set_contrast                                 1     1      0      30
                    _pcd8544_command
 ---------------------------------------------------------------------------------
 (1) _pcd8544_putpixel                                     3     1      2    1143
                                              5 COMRAM     3     1      2
                           _WriteSPI
                      _pcd8544_setxy
 ---------------------------------------------------------------------------------
 (2) _pcd8544_setxy                                        2     1      1     150
                                              3 COMRAM     2     1      1
                    _pcd8544_command
 ---------------------------------------------------------------------------------
 (1) _pcd8544_init                                         0     0      0      30
                    _pcd8544_command
                      _pcd8544_reset
 ---------------------------------------------------------------------------------
 (2) _pcd8544_reset                                        3     3      0       0
                                              0 COMRAM     2     2      0
 ---------------------------------------------------------------------------------
 (1) _pcd8544_flash                                        2     2      0      30
                                              3 COMRAM     2     2      0
                    _pcd8544_command
 ---------------------------------------------------------------------------------
 (2) _pcd8544_command                                      1     1      0      30
                                              2 COMRAM     1     1      0
                           _WriteSPI
 ---------------------------------------------------------------------------------
 (3) _WriteSPI                                             2     2      0      15
                                              0 COMRAM     2     2      0
 ---------------------------------------------------------------------------------
 (1) _OpenSPI                                              3     1      2     240
                                              0 COMRAM     3     1      2
 ---------------------------------------------------------------------------------
 Estimated maximum stack depth 3
 ---------------------------------------------------------------------------------

 Call Graph Graphs:

 _main (ROOT)
   _OpenSPI
   _pcd8544_flash
     _pcd8544_command
       _WriteSPI
   _pcd8544_init
     _pcd8544_command
       _WriteSPI
     _pcd8544_reset
   _pcd8544_putpixel
     _WriteSPI
     _pcd8544_setxy
       _pcd8544_command
         _WriteSPI
   _pcd8544_set_contrast
     _pcd8544_command
       _WriteSPI
   _pic_init

 Address spaces:
Name               Size   Autos  Total    Cost      Usage
BIGRAM             7FF      0     1F8      21       24.6%
EEDATA             100      0       0       0        0.0%
BITBANK7           100      0       0      18        0.0%
BANK7              100      0       0      19        0.0%
BITBANK6           100      0       0      16        0.0%
BANK6              100      0       0      17        0.0%
BITBANK5           100      0       0      14        0.0%
BANK5              100      0       0      15        0.0%
BITBANK4           100      0       0      12        0.0%
BANK4              100      0       0      13        0.0%
BITBANK3           100      0       0      10        0.0%
BANK3              100      0       0      11        0.0%
BITBANK2           100      0       0       8        0.0%
BANK2              100      0       0       9        0.0%
BITBANK1           100      0       0       6        0.0%
BANK1              100      0       0       7        0.0%
BITBANK0            A0      0       0       4        0.0%
BANK0               A0      0       0       5        0.0%
BITCOMRAM           5F      0       0       0        0.0%
COMRAM              5F      C       C       1       12.6%
BITSFR               0      0       0     200        0.0%
SFR                  0      0       0     200        0.0%
STACK                0      0       0       2        0.0%
NULL                 0      0       0       0        0.0%
ABS                  0      0       C      20        0.0%
DATA                 0      0     204       3        0.0%
CODE                 0      0       0       0        0.0%


Microchip Technology PIC18 Macro Assembler V2.05 build -831301201 
Symbol Table                                                                                   Sun May 26 10:12:38 2019

                  _SSPSTATbits 000FC7                             u77 7D98                             u87 7DB4  
                           u97 7DF4                   __CFG_CP0$OFF 000000                   __CFG_CP1$OFF 000000  
                 __CFG_CP2$OFF 000000                   __CFG_CP3$OFF 000000                            l110 7D06  
                          l111 7D08                            l114 7D22                            l115 7D3C  
                          l116 7D24                            l108 7D02                            l117 7D28  
                          l142 7BDE                            u107 7C7A                            u117 7C8E  
                          u127 7CA0                            u137 7CBC                            u147 7CD8  
                 __CFG_CPD$OFF 000000                   __CFG_BOR$OFF 000000                            wreg 000FE8  
                 __CFG_FOSC$HS 000000                   __CFG_LVP$OFF 000000                   __CFG_WDT$OFF 000000  
                         l1060 7D2C                           l1056 7D0C                           l1080 7D68  
                         l1074 7D64                           l1096 7DC4                           _main 7D44  
                         fsr1h 000FE2                           fsr1l 000FE1                           start 0000  
                 ___param_bank 000000                __end_of_OpenSPI 7D44                  __CFG_PLLDIV$5 000000  
                        ?_main 0001               ?_pcd8544_command 0001                 __CFG_FCMEN$OFF 000000  
                        main@i 000B                          tablat 000FF5                          status 000FD8  
              __initialization 7C3E                   __end_of_main 7E08                         ??_main 0009  
                __activetblptr 000002                         _ADCON1 000FC1             pcd8544_command@cmd 0003  
             __end_of_WriteSPI 7BE4          __size_of_pcd8544_init 002A                         _SSPBUF 000FC9  
                    ??_OpenSPI 0003               __end_of_pic_init 7BFA                   __pdataBIGRAM 0608  
                 _pcd8544_init 7C14                         tblptrh 000FF7                         tblptrl 000FF6  
                       tblptru 000FF8              ?_pcd8544_putpixel 0006             ??_pcd8544_putpixel 0008  
            pcd8544_putpixel@x 0008              pcd8544_putpixel@y 0006                     __accesstop 0060  
      __end_of__initialization 7C62                  ___rparam_used 000001                 __pcstackCOMRAM 0001  
 __end_of_pcd8544_set_contrast 7BCE                      ?_WriteSPI 0001         __size_of_pcd8544_flash 0042  
       __size_of_pcd8544_reset 0040         __size_of_pcd8544_setxy 0014                        _SSPCON1 000FC6  
                      _SSPSTAT 000FC7                      ?_pic_init 0001                        _OpenSPI 7CEE  
                      __Hparam 0000                        __Lparam 0000                 pcd8544_setxy@x 0005  
               pcd8544_setxy@y 0004                        __pcinit 7C3E                        __ramtop 0800  
                   ??_WriteSPI 0001                        __ptext0 7D44                        __ptext1 7BE4  
                      __ptext2 7BBA                        __ptext3 7BFA                        __ptext4 7BA6  
                      __ptext5 7C14                        __ptext6 7C6C                        __ptext7 7CAC  
                      __ptext8 7B94                        __ptext9 7BCE           end_of_initialization 7C62  
     __size_of_pcd8544_command 0012                  __Lmediumconst 0000                     ??_pic_init 0001  
                _pcd8544_flash 7CAC           _pcd8544_set_contrast 7BBA                  _pcd8544_reset 7C6C  
                _pcd8544_setxy 7BA6                        postdec1 000FE5               WriteSPI@data_out 0002  
                      postinc0 000FEE                      _TRISAbits 000F92                      _TRISBbits 000F93  
                    _TRISCbits 000F94                 ?_pcd8544_flash 0001          ?_pcd8544_set_contrast 0001  
               ?_pcd8544_reset 0001                 ?_pcd8544_setxy 0004      __size_of_pcd8544_putpixel 001A  
                __pidataBIGRAM 7E08               OpenSPI@smp_phase 0002            start_initialization 7C3E  
             OpenSPI@sync_mode 0003              ??_pcd8544_command 0003              __size_of_WriteSPI 0016  
              ??_pcd8544_flash 0004                ??_pcd8544_reset 0001         ??_pcd8544_set_contrast 0004  
              ??_pcd8544_setxy 0005                       ?_OpenSPI 0001              __size_of_pic_init 0016  
                     _LATCbits 000F8B                       _PIR1bits 000F9E               _pcd8544_putpixel 7BFA  
                     _UCONbits 000F6D                OpenSPI@bus_mode 0001                     _ADCON0bits 000FC2  
                    main@i_284 000C                  ?_pcd8544_init 0001                      copy_data0 7C52  
                     __Hrparam 0000                       __Lrparam 0000               __size_of_OpenSPI 0056  
                     _WriteSPI 7BCE                 ??_pcd8544_init 0004                       __ptext10 7CEE  
              _pcd8544_command 7B94                  __size_of_main 00C4                       _pic_init 7BE4  
        __CFG_CPUDIV$OSC4_PLL6 000000                 _pcd8544_buffer 0608        pcd8544_set_contrast@val 0001  
      __end_of_pcd8544_command 7BA6       __end_of_pcd8544_putpixel 7C14                    _SSPCON1bits 000FC6  
        __end_of_pcd8544_flash 7CEE          pcd8544_putpixel@color 0007          __end_of_pcd8544_reset 7CAC  
        __end_of_pcd8544_setxy 7BBA  __size_of_pcd8544_set_contrast 0014           __end_of_pcd8544_init 7C3E  
